mode: atomic
github.com/alaajili/proglog/internal/log/index.go:22.53,28.16 3 14
github.com/alaajili/proglog/internal/log/index.go:28.16,30.3 1 0
github.com/alaajili/proglog/internal/log/index.go:32.2,36.16 2 14
github.com/alaajili/proglog/internal/log/index.go:36.16,38.3 1 0
github.com/alaajili/proglog/internal/log/index.go:40.2,44.16 1 14
github.com/alaajili/proglog/internal/log/index.go:44.16,46.3 1 0
github.com/alaajili/proglog/internal/log/index.go:48.2,48.17 1 14
github.com/alaajili/proglog/internal/log/index.go:51.31,52.52 1 5
github.com/alaajili/proglog/internal/log/index.go:52.52,54.3 1 0
github.com/alaajili/proglog/internal/log/index.go:55.2,55.38 1 5
github.com/alaajili/proglog/internal/log/index.go:55.38,57.3 1 0
github.com/alaajili/proglog/internal/log/index.go:58.2,58.55 1 5
github.com/alaajili/proglog/internal/log/index.go:58.55,60.3 1 0
github.com/alaajili/proglog/internal/log/index.go:61.2,61.23 1 5
github.com/alaajili/proglog/internal/log/index.go:64.68,65.17 1 21
github.com/alaajili/proglog/internal/log/index.go:65.17,67.3 1 10
github.com/alaajili/proglog/internal/log/index.go:68.2,68.14 1 11
github.com/alaajili/proglog/internal/log/index.go:68.14,70.3 1 4
github.com/alaajili/proglog/internal/log/index.go:70.8,72.3 1 7
github.com/alaajili/proglog/internal/log/index.go:74.2,75.27 2 11
github.com/alaajili/proglog/internal/log/index.go:75.27,77.3 1 1
github.com/alaajili/proglog/internal/log/index.go:79.2,81.22 3 10
github.com/alaajili/proglog/internal/log/index.go:84.53,85.43 1 14
github.com/alaajili/proglog/internal/log/index.go:85.43,87.3 1 1
github.com/alaajili/proglog/internal/log/index.go:89.2,92.12 4 13
github.com/alaajili/proglog/internal/log/index.go:95.31,97.2 1 3
github.com/alaajili/proglog/internal/log/log.go:25.49,26.34 1 6
github.com/alaajili/proglog/internal/log/log.go:26.34,28.3 1 0
github.com/alaajili/proglog/internal/log/log.go:29.2,29.34 1 6
github.com/alaajili/proglog/internal/log/log.go:29.34,31.3 1 5
github.com/alaajili/proglog/internal/log/log.go:33.2,38.21 2 6
github.com/alaajili/proglog/internal/log/log.go:41.29,43.16 2 6
github.com/alaajili/proglog/internal/log/log.go:43.16,45.3 1 0
github.com/alaajili/proglog/internal/log/log.go:47.2,48.29 2 6
github.com/alaajili/proglog/internal/log/log.go:48.29,55.3 3 4
github.com/alaajili/proglog/internal/log/log.go:57.2,59.40 2 6
github.com/alaajili/proglog/internal/log/log.go:59.40,60.53 1 2
github.com/alaajili/proglog/internal/log/log.go:60.53,62.4 1 0
github.com/alaajili/proglog/internal/log/log.go:65.3,65.6 1 2
github.com/alaajili/proglog/internal/log/log.go:68.2,68.23 1 6
github.com/alaajili/proglog/internal/log/log.go:68.23,69.69 1 5
github.com/alaajili/proglog/internal/log/log.go:69.69,71.4 1 0
github.com/alaajili/proglog/internal/log/log.go:74.2,74.12 1 6
github.com/alaajili/proglog/internal/log/log.go:77.58,82.16 4 8
github.com/alaajili/proglog/internal/log/log.go:82.16,84.3 1 0
github.com/alaajili/proglog/internal/log/log.go:86.2,86.31 1 8
github.com/alaajili/proglog/internal/log/log.go:86.31,88.3 1 2
github.com/alaajili/proglog/internal/log/log.go:90.2,90.17 1 8
github.com/alaajili/proglog/internal/log/log.go:93.53,98.37 4 3
github.com/alaajili/proglog/internal/log/log.go:98.37,99.60 1 3
github.com/alaajili/proglog/internal/log/log.go:99.60,101.9 2 1
github.com/alaajili/proglog/internal/log/log.go:105.2,105.37 1 3
github.com/alaajili/proglog/internal/log/log.go:105.37,107.3 1 2
github.com/alaajili/proglog/internal/log/log.go:109.2,109.20 1 1
github.com/alaajili/proglog/internal/log/log.go:112.29,116.31 3 1
github.com/alaajili/proglog/internal/log/log.go:116.31,117.35 1 2
github.com/alaajili/proglog/internal/log/log.go:117.35,119.4 1 0
github.com/alaajili/proglog/internal/log/log.go:121.2,121.12 1 1
github.com/alaajili/proglog/internal/log/log.go:124.30,125.34 1 0
github.com/alaajili/proglog/internal/log/log.go:125.34,127.3 1 0
github.com/alaajili/proglog/internal/log/log.go:129.2,129.28 1 0
github.com/alaajili/proglog/internal/log/log.go:132.29,133.35 1 0
github.com/alaajili/proglog/internal/log/log.go:133.35,135.3 1 0
github.com/alaajili/proglog/internal/log/log.go:136.2,136.18 1 0
github.com/alaajili/proglog/internal/log/log.go:139.46,144.2 3 2
github.com/alaajili/proglog/internal/log/log.go:146.47,151.14 4 2
github.com/alaajili/proglog/internal/log/log.go:151.14,153.3 1 0
github.com/alaajili/proglog/internal/log/log.go:155.2,155.21 1 2
github.com/alaajili/proglog/internal/log/log.go:158.45,163.31 4 1
github.com/alaajili/proglog/internal/log/log.go:163.31,164.31 1 2
github.com/alaajili/proglog/internal/log/log.go:164.31,165.37 1 1
github.com/alaajili/proglog/internal/log/log.go:165.37,167.5 1 0
github.com/alaajili/proglog/internal/log/log.go:168.4,168.12 1 1
github.com/alaajili/proglog/internal/log/log.go:170.3,170.33 1 1
github.com/alaajili/proglog/internal/log/log.go:172.2,173.12 2 1
github.com/alaajili/proglog/internal/log/log.go:176.34,181.31 4 1
github.com/alaajili/proglog/internal/log/log.go:181.31,183.3 1 1
github.com/alaajili/proglog/internal/log/log.go:184.2,184.35 1 1
github.com/alaajili/proglog/internal/log/log.go:192.52,196.2 3 1
github.com/alaajili/proglog/internal/log/log.go:198.44,200.16 2 9
github.com/alaajili/proglog/internal/log/log.go:200.16,202.3 1 0
github.com/alaajili/proglog/internal/log/log.go:203.2,205.12 3 9
github.com/alaajili/proglog/internal/log/segment.go:20.76,32.16 4 12
github.com/alaajili/proglog/internal/log/segment.go:32.16,34.3 1 0
github.com/alaajili/proglog/internal/log/segment.go:36.2,36.52 1 12
github.com/alaajili/proglog/internal/log/segment.go:36.52,38.3 1 0
github.com/alaajili/proglog/internal/log/segment.go:39.2,44.16 2 12
github.com/alaajili/proglog/internal/log/segment.go:44.16,46.3 1 0
github.com/alaajili/proglog/internal/log/segment.go:47.2,47.55 1 12
github.com/alaajili/proglog/internal/log/segment.go:47.55,49.3 1 0
github.com/alaajili/proglog/internal/log/segment.go:51.2,51.49 1 12
github.com/alaajili/proglog/internal/log/segment.go:51.49,53.3 1 9
github.com/alaajili/proglog/internal/log/segment.go:53.8,55.3 1 3
github.com/alaajili/proglog/internal/log/segment.go:57.2,57.15 1 12
github.com/alaajili/proglog/internal/log/segment.go:60.73,64.16 4 12
github.com/alaajili/proglog/internal/log/segment.go:64.16,66.3 1 0
github.com/alaajili/proglog/internal/log/segment.go:68.2,69.16 2 12
github.com/alaajili/proglog/internal/log/segment.go:69.16,71.3 1 0
github.com/alaajili/proglog/internal/log/segment.go:73.2,77.16 1 12
github.com/alaajili/proglog/internal/log/segment.go:77.16,79.3 1 1
github.com/alaajili/proglog/internal/log/segment.go:81.2,82.17 2 11
github.com/alaajili/proglog/internal/log/segment.go:85.60,87.16 2 4
github.com/alaajili/proglog/internal/log/segment.go:87.16,89.3 1 0
github.com/alaajili/proglog/internal/log/segment.go:91.2,92.16 2 4
github.com/alaajili/proglog/internal/log/segment.go:92.16,94.3 1 0
github.com/alaajili/proglog/internal/log/segment.go:96.2,98.20 3 4
github.com/alaajili/proglog/internal/log/segment.go:101.34,104.2 1 12
github.com/alaajili/proglog/internal/log/segment.go:106.34,107.34 1 2
github.com/alaajili/proglog/internal/log/segment.go:107.34,109.3 1 0
github.com/alaajili/proglog/internal/log/segment.go:110.2,110.50 1 2
github.com/alaajili/proglog/internal/log/segment.go:110.50,112.3 1 0
github.com/alaajili/proglog/internal/log/segment.go:113.2,113.50 1 2
github.com/alaajili/proglog/internal/log/segment.go:113.50,115.3 1 0
github.com/alaajili/proglog/internal/log/segment.go:117.2,117.12 1 2
github.com/alaajili/proglog/internal/log/segment.go:120.33,121.40 1 4
github.com/alaajili/proglog/internal/log/segment.go:121.40,123.3 1 0
github.com/alaajili/proglog/internal/log/segment.go:124.2,124.40 1 4
github.com/alaajili/proglog/internal/log/segment.go:124.40,126.3 1 0
github.com/alaajili/proglog/internal/log/segment.go:127.2,127.12 1 4
github.com/alaajili/proglog/internal/log/store.go:25.43,27.16 2 15
github.com/alaajili/proglog/internal/log/store.go:27.16,29.3 1 0
github.com/alaajili/proglog/internal/log/store.go:31.2,37.8 2 15
github.com/alaajili/proglog/internal/log/store.go:40.68,45.65 4 16
github.com/alaajili/proglog/internal/log/store.go:45.65,47.3 1 0
github.com/alaajili/proglog/internal/log/store.go:49.2,50.16 2 16
github.com/alaajili/proglog/internal/log/store.go:50.16,52.3 1 0
github.com/alaajili/proglog/internal/log/store.go:54.2,56.28 3 16
github.com/alaajili/proglog/internal/log/store.go:59.50,63.38 3 10
github.com/alaajili/proglog/internal/log/store.go:63.38,65.3 1 0
github.com/alaajili/proglog/internal/log/store.go:67.2,68.59 2 10
github.com/alaajili/proglog/internal/log/store.go:68.59,70.3 1 0
github.com/alaajili/proglog/internal/log/store.go:72.2,73.65 2 10
github.com/alaajili/proglog/internal/log/store.go:73.65,75.3 1 0
github.com/alaajili/proglog/internal/log/store.go:77.2,77.15 1 10
github.com/alaajili/proglog/internal/log/store.go:80.58,84.38 3 7
github.com/alaajili/proglog/internal/log/store.go:84.38,86.3 1 0
github.com/alaajili/proglog/internal/log/store.go:88.2,88.30 1 7
github.com/alaajili/proglog/internal/log/store.go:91.31,95.38 3 5
github.com/alaajili/proglog/internal/log/store.go:95.38,97.3 1 0
github.com/alaajili/proglog/internal/log/store.go:99.2,99.23 1 5
github.com/alaajili/proglog/internal/server/http.go:13.46,22.2 5 0
github.com/alaajili/proglog/internal/server/http.go:29.34,33.2 1 0
github.com/alaajili/proglog/internal/server/http.go:53.76,55.61 2 0
github.com/alaajili/proglog/internal/server/http.go:55.61,58.3 2 0
github.com/alaajili/proglog/internal/server/http.go:60.2,61.16 2 0
github.com/alaajili/proglog/internal/server/http.go:61.16,64.3 2 0
github.com/alaajili/proglog/internal/server/http.go:66.2,67.55 2 0
github.com/alaajili/proglog/internal/server/http.go:67.55,70.3 2 0
github.com/alaajili/proglog/internal/server/http.go:73.76,75.61 2 0
github.com/alaajili/proglog/internal/server/http.go:75.61,78.3 2 0
github.com/alaajili/proglog/internal/server/http.go:80.2,81.30 2 0
github.com/alaajili/proglog/internal/server/http.go:81.30,84.3 2 0
github.com/alaajili/proglog/internal/server/http.go:84.8,84.23 1 0
github.com/alaajili/proglog/internal/server/http.go:84.23,87.3 2 0
github.com/alaajili/proglog/internal/server/http.go:89.2,90.55 2 0
github.com/alaajili/proglog/internal/server/http.go:90.55,93.3 2 0
github.com/alaajili/proglog/internal/server/log.go:13.20,15.2 1 0
github.com/alaajili/proglog/internal/server/log.go:17.53,23.2 5 0
github.com/alaajili/proglog/internal/server/log.go:25.51,28.38 3 0
github.com/alaajili/proglog/internal/server/log.go:28.38,30.3 1 0
github.com/alaajili/proglog/internal/server/log.go:31.2,31.31 1 0
github.com/alaajili/proglog/internal/server/server.go:46.65,51.2 2 4
github.com/alaajili/proglog/internal/server/server.go:57.3,67.16 4 4
github.com/alaajili/proglog/internal/server/server.go:67.16,69.3 1 0
github.com/alaajili/proglog/internal/server/server.go:70.2,71.18 2 4
github.com/alaajili/proglog/internal/server/server.go:78.31,83.16 1 5
github.com/alaajili/proglog/internal/server/server.go:83.16,85.3 1 1
github.com/alaajili/proglog/internal/server/server.go:87.2,88.16 2 4
github.com/alaajili/proglog/internal/server/server.go:88.16,90.3 1 0
github.com/alaajili/proglog/internal/server/server.go:91.2,91.50 1 4
github.com/alaajili/proglog/internal/server/server.go:95.31,100.16 1 10
github.com/alaajili/proglog/internal/server/server.go:100.16,102.3 1 1
github.com/alaajili/proglog/internal/server/server.go:104.2,105.16 2 9
github.com/alaajili/proglog/internal/server/server.go:105.16,107.3 1 6
github.com/alaajili/proglog/internal/server/server.go:108.2,108.50 1 3
github.com/alaajili/proglog/internal/server/server.go:114.78,115.6 1 1
github.com/alaajili/proglog/internal/server/server.go:115.6,117.17 2 3
github.com/alaajili/proglog/internal/server/server.go:117.17,119.4 1 1
github.com/alaajili/proglog/internal/server/server.go:120.3,121.17 2 2
github.com/alaajili/proglog/internal/server/server.go:121.17,123.4 1 0
github.com/alaajili/proglog/internal/server/server.go:124.3,124.42 1 2
github.com/alaajili/proglog/internal/server/server.go:124.42,126.4 1 0
github.com/alaajili/proglog/internal/server/server.go:130.103,131.6 1 1
github.com/alaajili/proglog/internal/server/server.go:131.6,132.10 1 8
github.com/alaajili/proglog/internal/server/server.go:133.34,134.14 1 1
github.com/alaajili/proglog/internal/server/server.go:135.11,137.22 2 7
github.com/alaajili/proglog/internal/server/server.go:138.13,138.13 0 2
github.com/alaajili/proglog/internal/server/server.go:139.33,140.13 1 5
github.com/alaajili/proglog/internal/server/server.go:141.12,142.15 1 0
github.com/alaajili/proglog/internal/server/server.go:144.4,144.43 1 2
github.com/alaajili/proglog/internal/server/server.go:144.43,146.5 1 0
github.com/alaajili/proglog/internal/server/server.go:147.4,147.16 1 2
github.com/alaajili/proglog/internal/server/server.go:153.65,155.9 2 8
github.com/alaajili/proglog/internal/server/server.go:155.9,160.3 1 0
github.com/alaajili/proglog/internal/server/server.go:162.2,162.26 1 8
github.com/alaajili/proglog/internal/server/server.go:162.26,167.3 1 0
github.com/alaajili/proglog/internal/server/server.go:169.2,173.17 4 8
github.com/alaajili/proglog/internal/server/server.go:176.42,178.2 1 15
github.com/alaajili/proglog/internal/config/files.go:20.37,21.47 1 0
github.com/alaajili/proglog/internal/config/files.go:21.47,23.3 1 0
github.com/alaajili/proglog/internal/config/files.go:25.2,26.16 2 0
github.com/alaajili/proglog/internal/config/files.go:26.16,27.13 1 0
github.com/alaajili/proglog/internal/config/files.go:29.2,29.62 1 0
github.com/alaajili/proglog/internal/config/tls.go:18.57,22.45 3 0
github.com/alaajili/proglog/internal/config/tls.go:22.45,28.17 3 0
github.com/alaajili/proglog/internal/config/tls.go:28.17,30.4 1 0
github.com/alaajili/proglog/internal/config/tls.go:32.2,32.22 1 0
github.com/alaajili/proglog/internal/config/tls.go:32.22,34.17 2 0
github.com/alaajili/proglog/internal/config/tls.go:34.17,36.4 1 0
github.com/alaajili/proglog/internal/config/tls.go:37.3,38.32 2 0
github.com/alaajili/proglog/internal/config/tls.go:38.32,43.4 1 0
github.com/alaajili/proglog/internal/config/tls.go:44.3,44.17 1 0
github.com/alaajili/proglog/internal/config/tls.go:44.17,47.4 2 0
github.com/alaajili/proglog/internal/config/tls.go:47.9,49.4 1 0
github.com/alaajili/proglog/internal/config/tls.go:50.3,50.43 1 0
github.com/alaajili/proglog/internal/config/tls.go:52.2,52.23 1 0
github.com/alaajili/proglog/api/v1/error.go:14.58,30.16 5 0
github.com/alaajili/proglog/api/v1/error.go:30.16,32.3 1 0
github.com/alaajili/proglog/api/v1/error.go:34.2,34.12 1 0
github.com/alaajili/proglog/api/v1/error.go:37.45,39.2 1 0
github.com/alaajili/proglog/api/v1/log.pb.go:31.34,36.2 4 0
github.com/alaajili/proglog/api/v1/log.pb.go:38.42,40.2 1 0
github.com/alaajili/proglog/api/v1/log.pb.go:42.40,42.41 0 0
github.com/alaajili/proglog/api/v1/log.pb.go:44.62,46.14 2 0
github.com/alaajili/proglog/api/v1/log.pb.go:46.14,48.34 2 0
github.com/alaajili/proglog/api/v1/log.pb.go:48.34,50.4 1 0
github.com/alaajili/proglog/api/v1/log.pb.go:51.3,51.12 1 0
github.com/alaajili/proglog/api/v1/log.pb.go:53.2,53.24 1 0
github.com/alaajili/proglog/api/v1/log.pb.go:57.53,59.2 1 0
github.com/alaajili/proglog/api/v1/log.pb.go:61.46,62.14 1 0
github.com/alaajili/proglog/api/v1/log.pb.go:62.14,64.3 1 0
github.com/alaajili/proglog/api/v1/log.pb.go:65.2,65.12 1 0
github.com/alaajili/proglog/api/v1/log.pb.go:75.35,80.2 4 0
github.com/alaajili/proglog/api/v1/log.pb.go:82.43,84.2 1 0
github.com/alaajili/proglog/api/v1/log.pb.go:86.41,86.42 0 0
github.com/alaajili/proglog/api/v1/log.pb.go:88.63,90.14 2 0
github.com/alaajili/proglog/api/v1/log.pb.go:90.14,92.34 2 0
github.com/alaajili/proglog/api/v1/log.pb.go:92.34,94.4 1 0
github.com/alaajili/proglog/api/v1/log.pb.go:95.3,95.12 1 0
github.com/alaajili/proglog/api/v1/log.pb.go:97.2,97.24 1 0
github.com/alaajili/proglog/api/v1/log.pb.go:101.54,103.2 1 0
github.com/alaajili/proglog/api/v1/log.pb.go:105.46,106.14 1 0
github.com/alaajili/proglog/api/v1/log.pb.go:106.14,108.3 1 0
github.com/alaajili/proglog/api/v1/log.pb.go:109.2,109.10 1 0
github.com/alaajili/proglog/api/v1/log.pb.go:119.34,124.2 4 0
github.com/alaajili/proglog/api/v1/log.pb.go:126.42,128.2 1 0
github.com/alaajili/proglog/api/v1/log.pb.go:130.40,130.41 0 0
github.com/alaajili/proglog/api/v1/log.pb.go:132.62,134.14 2 0
github.com/alaajili/proglog/api/v1/log.pb.go:134.14,136.34 2 0
github.com/alaajili/proglog/api/v1/log.pb.go:136.34,138.4 1 0
github.com/alaajili/proglog/api/v1/log.pb.go:139.3,139.12 1 0
github.com/alaajili/proglog/api/v1/log.pb.go:141.2,141.24 1 0
github.com/alaajili/proglog/api/v1/log.pb.go:145.53,147.2 1 0
github.com/alaajili/proglog/api/v1/log.pb.go:149.45,150.14 1 0
github.com/alaajili/proglog/api/v1/log.pb.go:150.14,152.3 1 0
github.com/alaajili/proglog/api/v1/log.pb.go:153.2,153.10 1 0
github.com/alaajili/proglog/api/v1/log.pb.go:163.35,168.2 4 0
github.com/alaajili/proglog/api/v1/log.pb.go:170.43,172.2 1 0
github.com/alaajili/proglog/api/v1/log.pb.go:174.41,174.42 0 0
github.com/alaajili/proglog/api/v1/log.pb.go:176.63,178.14 2 0
github.com/alaajili/proglog/api/v1/log.pb.go:178.14,180.34 2 0
github.com/alaajili/proglog/api/v1/log.pb.go:180.34,182.4 1 0
github.com/alaajili/proglog/api/v1/log.pb.go:183.3,183.12 1 0
github.com/alaajili/proglog/api/v1/log.pb.go:185.2,185.24 1 0
github.com/alaajili/proglog/api/v1/log.pb.go:189.54,191.2 1 0
github.com/alaajili/proglog/api/v1/log.pb.go:193.47,194.14 1 0
github.com/alaajili/proglog/api/v1/log.pb.go:194.14,196.3 1 0
github.com/alaajili/proglog/api/v1/log.pb.go:197.2,197.12 1 0
github.com/alaajili/proglog/api/v1/log.pb.go:208.26,213.2 4 0
github.com/alaajili/proglog/api/v1/log.pb.go:215.34,217.2 1 0
github.com/alaajili/proglog/api/v1/log.pb.go:219.32,219.33 0 0
github.com/alaajili/proglog/api/v1/log.pb.go:221.54,223.14 2 0
github.com/alaajili/proglog/api/v1/log.pb.go:223.14,225.34 2 0
github.com/alaajili/proglog/api/v1/log.pb.go:225.34,227.4 1 0
github.com/alaajili/proglog/api/v1/log.pb.go:228.3,228.12 1 0
github.com/alaajili/proglog/api/v1/log.pb.go:230.2,230.24 1 0
github.com/alaajili/proglog/api/v1/log.pb.go:234.45,236.2 1 0
github.com/alaajili/proglog/api/v1/log.pb.go:238.36,239.14 1 0
github.com/alaajili/proglog/api/v1/log.pb.go:239.14,241.3 1 0
github.com/alaajili/proglog/api/v1/log.pb.go:242.2,242.12 1 0
github.com/alaajili/proglog/api/v1/log.pb.go:245.37,246.14 1 0
github.com/alaajili/proglog/api/v1/log.pb.go:246.14,248.3 1 0
github.com/alaajili/proglog/api/v1/log.pb.go:249.2,249.10 1 0
github.com/alaajili/proglog/api/v1/log.pb.go:279.49,280.46 1 0
github.com/alaajili/proglog/api/v1/log.pb.go:280.46,282.3 1 0
github.com/alaajili/proglog/api/v1/log.pb.go:283.2,283.42 1 0
github.com/alaajili/proglog/api/v1/log.pb.go:312.13,312.45 1 0
github.com/alaajili/proglog/api/v1/log.pb.go:313.35,314.34 1 0
github.com/alaajili/proglog/api/v1/log.pb.go:314.34,316.3 1 0
github.com/alaajili/proglog/api/v1/log.pb.go:317.2,333.37 5 0
github.com/alaajili/proglog/api/v1/log_grpc.pb.go:42.58,44.2 1 0
github.com/alaajili/proglog/api/v1/log_grpc.pb.go:46.121,50.16 4 0
github.com/alaajili/proglog/api/v1/log_grpc.pb.go:50.16,52.3 1 0
github.com/alaajili/proglog/api/v1/log_grpc.pb.go:53.2,53.17 1 0
github.com/alaajili/proglog/api/v1/log_grpc.pb.go:56.121,60.16 4 0
github.com/alaajili/proglog/api/v1/log_grpc.pb.go:60.16,62.3 1 0
github.com/alaajili/proglog/api/v1/log_grpc.pb.go:63.2,63.17 1 0
github.com/alaajili/proglog/api/v1/log_grpc.pb.go:66.154,69.16 3 0
github.com/alaajili/proglog/api/v1/log_grpc.pb.go:69.16,71.3 1 0
github.com/alaajili/proglog/api/v1/log_grpc.pb.go:72.2,73.51 2 0
github.com/alaajili/proglog/api/v1/log_grpc.pb.go:73.51,75.3 1 0
github.com/alaajili/proglog/api/v1/log_grpc.pb.go:76.2,76.51 1 0
github.com/alaajili/proglog/api/v1/log_grpc.pb.go:76.51,78.3 1 0
github.com/alaajili/proglog/api/v1/log_grpc.pb.go:79.2,79.15 1 0
github.com/alaajili/proglog/api/v1/log_grpc.pb.go:85.148,88.16 3 0
github.com/alaajili/proglog/api/v1/log_grpc.pb.go:88.16,90.3 1 0
github.com/alaajili/proglog/api/v1/log_grpc.pb.go:91.2,92.15 2 0
github.com/alaajili/proglog/api/v1/log_grpc.pb.go:116.99,118.2 1 0
github.com/alaajili/proglog/api/v1/log_grpc.pb.go:119.99,121.2 1 0
github.com/alaajili/proglog/api/v1/log_grpc.pb.go:122.113,124.2 1 0
github.com/alaajili/proglog/api/v1/log_grpc.pb.go:125.110,127.2 1 0
github.com/alaajili/proglog/api/v1/log_grpc.pb.go:128.66,128.67 0 0
github.com/alaajili/proglog/api/v1/log_grpc.pb.go:129.66,129.67 0 0
github.com/alaajili/proglog/api/v1/log_grpc.pb.go:138.64,143.59 1 0
github.com/alaajili/proglog/api/v1/log_grpc.pb.go:143.59,145.3 1 0
github.com/alaajili/proglog/api/v1/log_grpc.pb.go:146.2,146.42 1 0
github.com/alaajili/proglog/api/v1/log_grpc.pb.go:149.156,151.32 2 0
github.com/alaajili/proglog/api/v1/log_grpc.pb.go:151.32,153.3 1 0
github.com/alaajili/proglog/api/v1/log_grpc.pb.go:154.2,154.24 1 0
github.com/alaajili/proglog/api/v1/log_grpc.pb.go:154.24,156.3 1 0
github.com/alaajili/proglog/api/v1/log_grpc.pb.go:157.2,161.77 2 0
github.com/alaajili/proglog/api/v1/log_grpc.pb.go:161.77,163.3 1 0
github.com/alaajili/proglog/api/v1/log_grpc.pb.go:164.2,164.44 1 0
github.com/alaajili/proglog/api/v1/log_grpc.pb.go:167.156,169.32 2 0
github.com/alaajili/proglog/api/v1/log_grpc.pb.go:169.32,171.3 1 0
github.com/alaajili/proglog/api/v1/log_grpc.pb.go:172.2,172.24 1 0
github.com/alaajili/proglog/api/v1/log_grpc.pb.go:172.24,174.3 1 0
github.com/alaajili/proglog/api/v1/log_grpc.pb.go:175.2,179.77 2 0
github.com/alaajili/proglog/api/v1/log_grpc.pb.go:179.77,181.3 1 0
github.com/alaajili/proglog/api/v1/log_grpc.pb.go:182.2,182.44 1 0
github.com/alaajili/proglog/api/v1/log_grpc.pb.go:185.82,187.42 2 0
github.com/alaajili/proglog/api/v1/log_grpc.pb.go:187.42,189.3 1 0
github.com/alaajili/proglog/api/v1/log_grpc.pb.go:190.2,190.123 1 0
github.com/alaajili/proglog/api/v1/log_grpc.pb.go:196.82,198.2 1 0
github.com/alaajili/proglog/cmd/server/main.go:9.13,12.2 2 0
github.com/alaajili/proglog/internal/auth/authorizer.go:11.45,16.2 2 0
github.com/alaajili/proglog/internal/auth/authorizer.go:22.70,23.50 1 0
github.com/alaajili/proglog/internal/auth/authorizer.go:23.50,32.3 3 0
github.com/alaajili/proglog/internal/auth/authorizer.go:33.2,33.12 1 0
